2025-09-03 20:56:00 | DEBUG | repo=PolicyGradient | action=commit
2025-07-20 12:40:00 | DEBUG | repo=PolicyGradient | action=commit
2025-06-12 07:55:00 | INFO | repo=PolicyGradient | action=pull
2025-06-05 18:52:00 | DEBUG | repo=PolicyGradient | action=commit
2025-12-09 07:53:00 | WARN | repo=PolicyGradient | action=commit
2025-08-01 13:53:00 | DEBUG | repo=PolicyGradient | action=commit
2025-11-18 20:40:00 | INFO | repo=PolicyGradient | action=commit
2025-02-19 21:03:00 | INFO | repo=PolicyGradient | action=commit
2025-10-19 07:41:00 | WARN | repo=PolicyGradient | action=commit
2025-06-06 19:12:00 | INFO | repo=PolicyGradient | action=test | passed=true
2025-08-21 18:37:00 | DEBUG | repo=PolicyGradient | action=commit
2025-02-24 07:15:00 | WARN | repo=PolicyGradient | action=commit
2025-11-26 12:34:00 | WARN | repo=PolicyGradient | action=commit
2025-10-24 15:10:00 | INFO | repo=PolicyGradient | action=commit
2025-08-22T11:17:00 | nonce=14291449067366596765
2025-04-08T10:10:00 | nonce=2641420904867147717
2025-11-24T18:47:00 | nonce=16108951039766463275
2025-02-01T15:31:00 | nonce=4788195752481578108
2025-05-24T16:18:00 | nonce=3748905474503422601
2025-04-23T17:48:00 | nonce=4064781367125058511
2025-01-14T16:47:00 | nonce=15127520220758852900
2025-02-06T17:04:00 | nonce=5916255873911240446
2025-02-17T13:16:00 | nonce=4464664686127077006
2025-05-28T09:57:00 | nonce=1920461993626253471
